2024-02-15T21:52:29.081Z [info]: Started the server on Port 3000
2024-02-15T21:56:35.677Z [info]: Started the server on Port 3000
2024-02-15T21:57:46.237Z [info]: Started the server on Port 3000
2024-02-15T21:58:08.820Z [info]: Started the server on Port 3000
2024-02-15T21:58:42.083Z [info]: Started the server on Port 3000
2024-02-15T21:59:15.979Z [info]: Started the server on Port 3000
2024-02-15T22:01:02.580Z [info]: Started the server on Port 3000
2024-02-15T22:01:20.667Z [info]: Started the server on Port 3000
2024-02-15T22:04:30.786Z [info]: Started the server on Port 3000
2024-02-15T22:05:23.376Z [info]: Started the server on Port 3000
2024-02-15T22:05:25.828Z [info]: Sending a post request to register employee
2024-02-15T22:14:39.407Z [info]: Started the server on Port 3000
2024-02-15T22:14:44.036Z [info]: Sending a post request to register employee
2024-02-15T22:14:44.037Z [info]: Successfully added the account
2024-02-15T22:17:02.203Z [info]: Started the server on Port 3000
2024-02-15T22:17:09.539Z [info]: Sending a post request to register employee
2024-02-15T22:17:09.539Z [info]: Successfully added the account
2024-02-15T22:17:13.127Z [info]: Displaying List
2024-02-15T22:19:51.773Z [info]: Started the server on Port 3000
2024-02-15T22:20:00.714Z [info]: Sending a post request to register employee
2024-02-15T22:20:24.881Z [info]: Started the server on Port 3000
2024-02-15T22:20:28.398Z [info]: Sending a post request to register employee
2024-02-15T22:20:28.398Z [info]: Successfully added the account
2024-02-15T22:20:31.148Z [info]: Displaying List
2024-02-15T22:21:07.559Z [info]: Started the server on Port 3000
2024-02-15T22:21:12.782Z [info]: Sending a post request to register employee
2024-02-15T22:21:12.782Z [info]: Successfully added the account
2024-02-15T22:21:14.600Z [info]: Displaying List
2024-02-15T22:22:37.864Z [info]: Displaying List
2024-02-15T22:29:42.487Z [info]: Started the server on Port 3000
2024-02-15T22:29:47.794Z [info]: Sending a post request to register employee
2024-02-15T22:29:47.794Z [info]: Successfully added the account
2024-02-15T22:29:56.430Z [info]: Sending a post request to register employee
2024-02-15T22:29:56.430Z [info]: Successfully added the account
2024-02-15T22:30:01.954Z [info]: Displaying List
2024-02-15T22:30:28.077Z [info]: Started the server on Port 3000
2024-02-15T22:30:34.895Z [info]: Sending a post request to register employee
2024-02-15T22:30:34.895Z [info]: Successfully added the account
2024-02-15T22:30:39.263Z [info]: Sending a post request to register employee
2024-02-15T22:30:39.263Z [info]: Successfully added the account
2024-02-15T22:31:15.873Z [info]: Displaying List
2024-02-15T22:31:34.349Z [info]: Sending a post request to register manager
2024-02-15T22:31:34.349Z [info]: Successfully added the account
2024-02-15T22:31:38.071Z [info]: Displaying List
2024-02-15T22:32:20.516Z [info]: Started the server on Port 3000
2024-02-15T22:32:24.128Z [info]: Sending a post request to register employee
2024-02-15T22:32:24.130Z [info]: Successfully added the account
2024-02-15T22:32:29.171Z [info]: Sending a post request to register employee
2024-02-15T22:32:29.174Z [info]: Successfully added the account
2024-02-15T22:33:07.846Z [info]: Started the server on Port 3000
2024-02-15T22:33:09.926Z [info]: Sending a post request to register employee
2024-02-15T22:33:09.928Z [info]: Successfully added the account
2024-02-15T22:33:13.780Z [info]: Sending a post request to register employee
2024-02-15T22:33:13.782Z [info]: Successfully added the account
2024-02-15T22:33:24.527Z [info]: Sending a post request to register employee
2024-02-15T22:33:24.528Z [info]: Successfully added the account
2024-02-15T22:33:29.614Z [info]: Displaying List
2024-02-15T22:37:43.778Z [info]: Started the server on Port 3000
2024-02-15T22:37:48.969Z [info]: Sending a post request to register employee
2024-02-15T22:37:48.970Z [info]: Successfully added the account
2024-02-15T22:37:50.751Z [info]: Sending a post request to register employee
2024-02-15T22:37:50.752Z [info]: Successfully added the account
2024-02-15T22:41:30.469Z [info]: Started the server on Port 3000
2024-02-15T22:41:35.117Z [info]: Sending a post request to register employee
2024-02-15T22:41:35.117Z [info]: Successfully added the account
2024-02-15T22:41:37.095Z [info]: Sending a post request to register employee
2024-02-15T22:41:37.096Z [info]: Account already exists
2024-02-15T22:41:42.409Z [info]: Displaying List
2024-02-15T22:42:46.143Z [info]: Started the server on Port 3000
2024-02-15T22:42:50.025Z [info]: Sending a post request to register employee
2024-02-15T22:42:50.026Z [info]: Successfully added the account
2024-02-15T22:42:55.201Z [info]: Sending a post request to register employee
2024-02-15T22:42:55.202Z [info]: Account already exists
2024-02-15T22:42:58.816Z [info]: Displaying List
2024-02-15T22:43:15.056Z [info]: Sending a post request to register manager
2024-02-15T22:43:15.056Z [info]: Successfully added the account
2024-02-15T22:43:32.226Z [info]: Sending a post request to register manager
2024-02-15T22:43:32.227Z [info]: Account already exists
2024-02-15T22:43:36.876Z [info]: Displaying List
2024-02-15T23:06:23.219Z [info]: Started the server on Port 3000
2024-02-15T23:06:48.394Z [info]: Sending a post request to register employee
2024-02-15T23:06:48.394Z [info]: Successfully added the account
2024-02-15T23:06:49.667Z [info]: Sending a post request to register employee
2024-02-15T23:06:49.667Z [info]: Successfully added the account
2024-02-15T23:07:08.974Z [info]: Started the server on Port 3000
2024-02-15T23:07:12.247Z [info]: Sending a post request to register employee
2024-02-15T23:07:12.248Z [info]: Successfully added the account
2024-02-15T23:07:15.525Z [info]: Sending a post request to register employee
2024-02-15T23:07:15.526Z [info]: Successfully added the account
2024-02-15T23:08:05.419Z [info]: Started the server on Port 3000
2024-02-15T23:08:07.216Z [info]: Sending a post request to register employee
2024-02-15T23:08:07.218Z [info]: Successfully added the account
2024-02-15T23:08:08.875Z [info]: Sending a post request to register employee
2024-02-15T23:08:08.876Z [info]: Successfully added the account
2024-02-15T23:09:23.513Z [info]: Started the server on Port 3000
2024-02-15T23:09:25.191Z [info]: Sending a post request to register employee
2024-02-15T23:09:25.192Z [info]: Successfully added the account
2024-02-15T23:09:26.765Z [info]: Sending a post request to register employee
2024-02-15T23:09:26.767Z [info]: Successfully added the account
2024-02-15T23:09:37.088Z [info]: Sending a post request to register employee
2024-02-15T23:09:37.089Z [info]: Successfully added the account
2024-02-15T23:10:41.088Z [info]: Started the server on Port 3000
2024-02-15T23:10:43.781Z [info]: Sending a post request to register employee
2024-02-15T23:10:43.783Z [info]: Successfully added the account
2024-02-15T23:10:45.061Z [info]: Sending a post request to register employee
2024-02-15T23:10:45.062Z [info]: Successfully added the account
2024-02-15T23:13:50.437Z [info]: Started the server on Port 3000
2024-02-15T23:13:52.374Z [info]: Sending a post request to register employee
2024-02-15T23:13:52.375Z [info]: Successfully added the account
2024-02-15T23:13:53.915Z [info]: Sending a post request to register employee
2024-02-15T23:13:53.916Z [info]: Successfully added the account
2024-02-15T23:14:26.887Z [info]: Started the server on Port 3000
2024-02-15T23:14:29.664Z [info]: Sending a post request to register employee
2024-02-15T23:14:29.665Z [info]: Successfully added the account
2024-02-15T23:14:30.584Z [info]: Sending a post request to register employee
2024-02-15T23:14:30.585Z [info]: Account already exists
2024-02-15T23:15:37.736Z [info]: Started the server on Port 3000
2024-02-15T23:15:41.925Z [info]: Sending a post request to register employee
2024-02-15T23:15:41.926Z [info]: Successfully added the account
2024-02-15T23:15:43.145Z [info]: Sending a post request to register employee
2024-02-15T23:15:43.145Z [info]: Account already exists
2024-02-15T23:15:46.025Z [info]: Displaying List
2024-02-15T23:15:50.485Z [info]: Sending a post request to register manager
2024-02-15T23:15:50.486Z [info]: Successfully added the account
2024-02-15T23:15:51.947Z [info]: Sending a post request to register manager
2024-02-15T23:15:51.948Z [info]: Account already exists
2024-02-15T23:15:54.327Z [info]: Displaying List
2024-02-15T23:19:23.255Z [info]: Started the server on Port 3000
2024-02-15T23:19:32.301Z [info]: Sending a post request to register employee
2024-02-15T23:19:32.301Z [info]: Successfully added the account
2024-02-15T23:19:57.835Z [info]: Displaying List
2024-02-15T23:20:02.642Z [info]: Attempting to Login as Employee
2024-02-15T23:20:02.643Z [info]: Successfully logged in the account
2024-02-15T23:20:05.663Z [info]: Displaying List
